0 info it worked if it ends with ok
1 verbose cli [ '/home/dileepa/programs/node-v4.3.2/bin/node',
1 verbose cli   '/home/dileepa/programs/node-v4.3.2/bin/npm',
1 verbose cli   'start' ]
2 info using npm@3.10.5
3 info using node@v4.3.2
4 verbose stack Error: ENOENT: no such file or directory, open '/home/dileepa/projects/jayani/FinalYearProject/package.json'
4 verbose stack     at Error (native)
5 verbose cwd /home/dileepa/projects/jayani/FinalYearProject
6 error Linux 4.4.0-36-generic
7 error argv "/home/dileepa/programs/node-v4.3.2/bin/node" "/home/dileepa/programs/node-v4.3.2/bin/npm" "start"
8 error node v4.3.2
9 error npm  v3.10.5
10 error path /home/dileepa/projects/jayani/FinalYearProject/package.json
11 error code ENOENT
12 error errno -2
13 error syscall open
14 error enoent ENOENT: no such file or directory, open '/home/dileepa/projects/jayani/FinalYearProject/package.json'
15 error enoent ENOENT: no such file or directory, open '/home/dileepa/projects/jayani/FinalYearProject/package.json'
15 error enoent This is most likely not a problem with npm itself
15 error enoent and is related to npm not being able to find a file.
16 verbose exit [ -2, true ]
